<?xml version="1.0" encoding="UTF-8"?>
<testsuite name="com.orange.dao.TypeDaoTest" tests="0" skipped="0" failures="0" errors="0" timestamp="1970-01-01T00:00:00" hostname="DESKTOP-SRQCU2S" time="0.0">
  <properties/>
  <system-out><![CDATA[]]></system-out>
  <system-err><![CDATA[[2017-05-02 20:28:57,579][INFO ][org.springframework.test.context.support.DefaultTestContextBootstrapper:260] - Loaded default TestExecutionListener class names from location [META-INF/spring.factories]: [org.springframework.test.context.web.ServletTestExecutionListener, org.springframework.test.context.support.DirtiesContextBeforeModesTestExecutionListener, org.springframework.test.context.support.DependencyInjectionTestExecutionListener, org.springframework.test.context.support.DirtiesContextTestExecutionListener, org.springframework.test.context.transaction.TransactionalTestExecutionListener, org.springframework.test.context.jdbc.SqlScriptsTestExecutionListener]
[2017-05-02 20:28:57,582][INFO ][org.springframework.test.context.support.DefaultTestContextBootstrapper:187] - Using TestExecutionListeners: [org.springframework.test.context.web.ServletTestExecutionListener@140de06, org.springframework.test.context.support.DirtiesContextBeforeModesTestExecutionListener@4a8d7918, org.springframework.test.context.support.DependencyInjectionTestExecutionListener@3ada2fef, org.springframework.test.context.support.DirtiesContextTestExecutionListener@3b7628a1, org.springframework.test.context.transaction.TransactionalTestExecutionListener@3cc17127, org.springframework.test.context.jdbc.SqlScriptsTestExecutionListener@1da58a1e]
]]></system-err>
</testsuite>
