<?xml version="1.0" encoding="UTF-8"?>
<testsuite name="com.orange.dao.ClassiFyDaoTest" tests="1" skipped="0" failures="1" errors="0" timestamp="2017-05-02T12:28:57" hostname="DESKTOP-SRQCU2S" time="0.016">
  <properties/>
  <testcase name="getClassByPageTest" classname="com.orange.dao.ClassiFyDaoTest" time="0.016">
    <failure message="org.apache.ibatis.binding.BindingException: Invalid bound statement (not found): com.orange.dao.product.ClassiFyDao.save" type="org.apache.ibatis.binding.BindingException">org.apache.ibatis.binding.BindingException: Invalid bound statement (not found): com.orange.dao.product.ClassiFyDao.save
	at org.apache.ibatis.binding.MapperMethod$SqlCommand.&lt;init&gt;(MapperMethod.java:189)
	at org.apache.ibatis.binding.MapperMethod.&lt;init&gt;(MapperMethod.java:43)
	at org.apache.ibatis.binding.MapperProxy.cachedMapperMethod(MapperProxy.java:58)
	at org.apache.ibatis.binding.MapperProxy.invoke(MapperProxy.java:51)
	at com.sun.proxy.$Proxy40.save(Unknown Source)
	at com.orange.dao.ClassiFyDaoTest.getClassByPageTest(ClassiFyDaoTest.java:25)
	at sun.reflect.NativeMethodAccessorImpl.invoke0(Native Method)
	at sun.reflect.NativeMethodAccessorImpl.invoke(NativeMethodAccessorImpl.java:62)
	at sun.reflect.DelegatingMethodAccessorImpl.invoke(DelegatingMethodAccessorImpl.java:43)
	at java.lang.reflect.Method.invoke(Method.java:498)
	at org.junit.runners.model.FrameworkMethod$1.runReflectiveCall(FrameworkMethod.java:50)
	at org.junit.internal.runners.model.ReflectiveCallable.run(ReflectiveCallable.java:12)
	at org.junit.runners.model.FrameworkMethod.invokeExplosively(FrameworkMethod.java:47)
	at org.junit.internal.runners.statements.InvokeMethod.evaluate(InvokeMethod.java:17)
	at org.springframework.test.context.junit4.statements.RunBeforeTestMethodCallbacks.evaluate(RunBeforeTestMethodCallbacks.java:75)
	at org.springframework.test.context.junit4.statements.RunAfterTestMethodCallbacks.evaluate(RunAfterTestMethodCallbacks.java:86)
	at org.springframework.test.context.junit4.statements.SpringRepeat.evaluate(SpringRepeat.java:84)
	at org.junit.runners.ParentRunner.runLeaf(ParentRunner.java:325)
	at org.springframework.test.context.junit4.SpringJUnit4ClassRunner.runChild(SpringJUnit4ClassRunner.java:252)
	at org.springframework.test.context.junit4.SpringJUnit4ClassRunner.runChild(SpringJUnit4ClassRunner.java:94)
	at org.junit.runners.ParentRunner$3.run(ParentRunner.java:290)
	at org.junit.runners.ParentRunner$1.schedule(ParentRunner.java:71)
	at org.junit.runners.ParentRunner.runChildren(ParentRunner.java:288)
	at org.junit.runners.ParentRunner.access$000(ParentRunner.java:58)
	at org.junit.runners.ParentRunner$2.evaluate(ParentRunner.java:268)
	at org.springframework.test.context.junit4.statements.RunBeforeTestClassCallbacks.evaluate(RunBeforeTestClassCallbacks.java:61)
	at org.springframework.test.context.junit4.statements.RunAfterTestClassCallbacks.evaluate(RunAfterTestClassCallbacks.java:70)
	at org.junit.runners.ParentRunner.run(ParentRunner.java:363)
	at org.springframework.test.context.junit4.SpringJUnit4ClassRunner.run(SpringJUnit4ClassRunner.java:191)
	at org.gradle.api.internal.tasks.testing.junit.JUnitTestClassExecuter.runTestClass(JUnitTestClassExecuter.java:114)
	at org.gradle.api.internal.tasks.testing.junit.JUnitTestClassExecuter.execute(JUnitTestClassExecuter.java:57)
	at org.gradle.api.internal.tasks.testing.junit.JUnitTestClassProcessor.processTestClass(JUnitTestClassProcessor.java:66)
	at org.gradle.api.internal.tasks.testing.SuiteTestClassProcessor.processTestClass(SuiteTestClassProcessor.java:51)
	at sun.reflect.NativeMethodAccessorImpl.invoke0(Native Method)
	at sun.reflect.NativeMethodAccessorImpl.invoke(NativeMethodAccessorImpl.java:62)
	at sun.reflect.DelegatingMethodAccessorImpl.invoke(DelegatingMethodAccessorImpl.java:43)
	at java.lang.reflect.Method.invoke(Method.java:498)
	at org.gradle.internal.dispatch.ReflectionDispatch.dispatch(ReflectionDispatch.java:35)
	at org.gradle.internal.dispatch.ReflectionDispatch.dispatch(ReflectionDispatch.java:24)
	at org.gradle.internal.dispatch.ContextClassLoaderDispatch.dispatch(ContextClassLoaderDispatch.java:32)
	at org.gradle.internal.dispatch.ProxyDispatchAdapter$DispatchingInvocationHandler.invoke(ProxyDispatchAdapter.java:93)
	at com.sun.proxy.$Proxy2.processTestClass(Unknown Source)
	at org.gradle.api.internal.tasks.testing.worker.TestWorker.processTestClass(TestWorker.java:109)
	at sun.reflect.NativeMethodAccessorImpl.invoke0(Native Method)
	at sun.reflect.NativeMethodAccessorImpl.invoke(NativeMethodAccessorImpl.java:62)
	at sun.reflect.DelegatingMethodAccessorImpl.invoke(DelegatingMethodAccessorImpl.java:43)
	at java.lang.reflect.Method.invoke(Method.java:498)
	at org.gradle.internal.dispatch.ReflectionDispatch.dispatch(ReflectionDispatch.java:35)
	at org.gradle.internal.dispatch.ReflectionDispatch.dispatch(ReflectionDispatch.java:24)
	at org.gradle.internal.remote.internal.hub.MessageHubBackedObjectConnection$DispatchWrapper.dispatch(MessageHubBackedObjectConnection.java:147)
	at org.gradle.internal.remote.internal.hub.MessageHubBackedObjectConnection$DispatchWrapper.dispatch(MessageHubBackedObjectConnection.java:129)
	at org.gradle.internal.remote.internal.hub.MessageHub$Handler.run(MessageHub.java:404)
	at org.gradle.internal.concurrent.ExecutorPolicy$CatchAndRecordFailures.onExecute(ExecutorPolicy.java:63)
	at org.gradle.internal.concurrent.StoppableExecutorImpl$1.run(StoppableExecutorImpl.java:46)
	at java.util.concurrent.ThreadPoolExecutor.runWorker(ThreadPoolExecutor.java:1142)
	at java.util.concurrent.ThreadPoolExecutor$Worker.run(ThreadPoolExecutor.java:617)
	at java.lang.Thread.run(Thread.java:745)
</failure>
  </testcase>
  <system-out><![CDATA[]]></system-out>
  <system-err><![CDATA[[2017-05-02 20:28:55,627][INFO ][org.springframework.test.context.support.DefaultTestContextBootstrapper:260] - Loaded default TestExecutionListener class names from location [META-INF/spring.factories]: [org.springframework.test.context.web.ServletTestExecutionListener, org.springframework.test.context.support.DirtiesContextBeforeModesTestExecutionListener, org.springframework.test.context.support.DependencyInjectionTestExecutionListener, org.springframework.test.context.support.DirtiesContextTestExecutionListener, org.springframework.test.context.transaction.TransactionalTestExecutionListener, org.springframework.test.context.jdbc.SqlScriptsTestExecutionListener]
[2017-05-02 20:28:55,653][INFO ][org.springframework.test.context.support.DefaultTestContextBootstrapper:187] - Using TestExecutionListeners: [org.springframework.test.context.web.ServletTestExecutionListener@52d1ab99, org.springframework.test.context.support.DirtiesContextBeforeModesTestExecutionListener@475e504d, org.springframework.test.context.support.DependencyInjectionTestExecutionListener@262b30ca, org.springframework.test.context.support.DirtiesContextTestExecutionListener@f56c53a, org.springframework.test.context.transaction.TransactionalTestExecutionListener@50843a2a, org.springframework.test.context.jdbc.SqlScriptsTestExecutionListener@656dc44f]
[2017-05-02 20:28:55,789][INFO ][org.springframework.beans.factory.xml.XmlBeanDefinitionReader:317] - Loading XML bean definitions from class path resource [applicationContext.xml]
[2017-05-02 20:28:55,899][INFO ][org.springframework.beans.factory.xml.XmlBeanDefinitionReader:317] - Loading XML bean definitions from file [D:\Workspaces\orangeShop\build\resources\main\config\mybatis.xml]
[2017-05-02 20:28:55,944][INFO ][org.springframework.beans.factory.xml.XmlBeanDefinitionReader:317] - Loading XML bean definitions from file [D:\Workspaces\orangeShop\build\resources\main\config\spring.xml]
[2017-05-02 20:28:56,190][INFO ][org.springframework.context.support.GenericApplicationContext:582] - Refreshing org.springframework.context.support.GenericApplicationContext@2f0b987d: startup date [Tue May 02 20:28:56 CST 2017]; root of context hierarchy
[2017-05-02 20:28:56,388][DEBUG][org.mybatis.spring.mapper.ClassPathMapperScanner:292] - Ignored because not a concrete top-level class: file [D:\Workspaces\orangeShop\build\classes\test\com\orange\dao\ClassiFyDaoTest.class]
[2017-05-02 20:28:56,393][DEBUG][org.mybatis.spring.mapper.ClassPathMapperScanner:292] - Ignored because not a concrete top-level class: file [D:\Workspaces\orangeShop\build\classes\test\com\orange\dao\EmployeeDaoTest.class]
[2017-05-02 20:28:56,400][DEBUG][org.mybatis.spring.mapper.ClassPathMapperScanner:292] - Ignored because not a concrete top-level class: file [D:\Workspaces\orangeShop\build\classes\test\com\orange\dao\ProductDaoTest.class]
[2017-05-02 20:28:56,405][DEBUG][org.mybatis.spring.mapper.ClassPathMapperScanner:292] - Ignored because not a concrete top-level class: file [D:\Workspaces\orangeShop\build\classes\test\com\orange\dao\SpringTestCase.class]
[2017-05-02 20:28:56,407][DEBUG][org.mybatis.spring.mapper.ClassPathMapperScanner:292] - Ignored because not a concrete top-level class: file [D:\Workspaces\orangeShop\build\classes\test\com\orange\dao\TypeDaoTest.class]
[2017-05-02 20:28:56,408][DEBUG][org.mybatis.spring.mapper.ClassPathMapperScanner:286] - Identified candidate component class: file [D:\Workspaces\orangeShop\build\classes\main\com\orange\dao\AddrDao.class]
[2017-05-02 20:28:56,413][DEBUG][org.mybatis.spring.mapper.ClassPathMapperScanner:286] - Identified candidate component class: file [D:\Workspaces\orangeShop\build\classes\main\com\orange\dao\BuyerDao.class]
[2017-05-02 20:28:56,414][DEBUG][org.mybatis.spring.mapper.ClassPathMapperScanner:286] - Identified candidate component class: file [D:\Workspaces\orangeShop\build\classes\main\com\orange\dao\EmployeeDao.class]
[2017-05-02 20:28:56,417][DEBUG][org.mybatis.spring.mapper.ClassPathMapperScanner:286] - Identified candidate component class: file [D:\Workspaces\orangeShop\build\classes\main\com\orange\dao\product\BrandDao.class]
[2017-05-02 20:28:56,421][DEBUG][org.mybatis.spring.mapper.ClassPathMapperScanner:286] - Identified candidate component class: file [D:\Workspaces\orangeShop\build\classes\main\com\orange\dao\product\ClassiFyDao.class]
[2017-05-02 20:28:56,426][DEBUG][org.mybatis.spring.mapper.ClassPathMapperScanner:286] - Identified candidate component class: file [D:\Workspaces\orangeShop\build\classes\main\com\orange\dao\product\ColorDao.class]
[2017-05-02 20:28:56,439][DEBUG][org.mybatis.spring.mapper.ClassPathMapperScanner:286] - Identified candidate component class: file [D:\Workspaces\orangeShop\build\classes\main\com\orange\dao\product\FeatureDao.class]
[2017-05-02 20:28:56,446][DEBUG][org.mybatis.spring.mapper.ClassPathMapperScanner:286] - Identified candidate component class: file [D:\Workspaces\orangeShop\build\classes\main\com\orange\dao\product\ImgDao.class]
[2017-05-02 20:28:56,447][DEBUG][org.mybatis.spring.mapper.ClassPathMapperScanner:286] - Identified candidate component class: file [D:\Workspaces\orangeShop\build\classes\main\com\orange\dao\product\ProductDao.class]
[2017-05-02 20:28:56,451][DEBUG][org.mybatis.spring.mapper.ClassPathMapperScanner:286] - Identified candidate component class: file [D:\Workspaces\orangeShop\build\classes\main\com\orange\dao\product\SkuDao.class]
[2017-05-02 20:28:56,456][DEBUG][org.mybatis.spring.mapper.ClassPathMapperScanner:286] - Identified candidate component class: file [D:\Workspaces\orangeShop\build\classes\main\com\orange\dao\product\TypeDao.class]
[2017-05-02 20:28:56,463][DEBUG][org.mybatis.spring.mapper.ClassPathMapperScanner:164] - Creating MapperFactoryBean with name 'addrDao' and 'com.orange.dao.AddrDao' mapperInterface
[2017-05-02 20:28:56,468][DEBUG][org.mybatis.spring.mapper.ClassPathMapperScanner:200] - Enabling autowire by type for MapperFactoryBean with name 'addrDao'.
[2017-05-02 20:28:56,470][DEBUG][org.mybatis.spring.mapper.ClassPathMapperScanner:164] - Creating MapperFactoryBean with name 'buyerDao' and 'com.orange.dao.BuyerDao' mapperInterface
[2017-05-02 20:28:56,477][DEBUG][org.mybatis.spring.mapper.ClassPathMapperScanner:200] - Enabling autowire by type for MapperFactoryBean with name 'buyerDao'.
[2017-05-02 20:28:56,478][DEBUG][org.mybatis.spring.mapper.ClassPathMapperScanner:164] - Creating MapperFactoryBean with name 'employeeDao' and 'com.orange.dao.EmployeeDao' mapperInterface
[2017-05-02 20:28:56,479][DEBUG][org.mybatis.spring.mapper.ClassPathMapperScanner:200] - Enabling autowire by type for MapperFactoryBean with name 'employeeDao'.
[2017-05-02 20:28:56,479][DEBUG][org.mybatis.spring.mapper.ClassPathMapperScanner:164] - Creating MapperFactoryBean with name 'brandDao' and 'com.orange.dao.product.BrandDao' mapperInterface
[2017-05-02 20:28:56,486][DEBUG][org.mybatis.spring.mapper.ClassPathMapperScanner:200] - Enabling autowire by type for MapperFactoryBean with name 'brandDao'.
[2017-05-02 20:28:56,487][DEBUG][org.mybatis.spring.mapper.ClassPathMapperScanner:164] - Creating MapperFactoryBean with name 'classiFyDao' and 'com.orange.dao.product.ClassiFyDao' mapperInterface
[2017-05-02 20:28:56,488][DEBUG][org.mybatis.spring.mapper.ClassPathMapperScanner:200] - Enabling autowire by type for MapperFactoryBean with name 'classiFyDao'.
[2017-05-02 20:28:56,488][DEBUG][org.mybatis.spring.mapper.ClassPathMapperScanner:164] - Creating MapperFactoryBean with name 'colorDao' and 'com.orange.dao.product.ColorDao' mapperInterface
[2017-05-02 20:28:56,489][DEBUG][org.mybatis.spring.mapper.ClassPathMapperScanner:200] - Enabling autowire by type for MapperFactoryBean with name 'colorDao'.
[2017-05-02 20:28:56,490][DEBUG][org.mybatis.spring.mapper.ClassPathMapperScanner:164] - Creating MapperFactoryBean with name 'featureDao' and 'com.orange.dao.product.FeatureDao' mapperInterface
[2017-05-02 20:28:56,491][DEBUG][org.mybatis.spring.mapper.ClassPathMapperScanner:200] - Enabling autowire by type for MapperFactoryBean with name 'featureDao'.
[2017-05-02 20:28:56,491][DEBUG][org.mybatis.spring.mapper.ClassPathMapperScanner:164] - Creating MapperFactoryBean with name 'imgDao' and 'com.orange.dao.product.ImgDao' mapperInterface
[2017-05-02 20:28:56,492][DEBUG][org.mybatis.spring.mapper.ClassPathMapperScanner:200] - Enabling autowire by type for MapperFactoryBean with name 'imgDao'.
[2017-05-02 20:28:56,493][DEBUG][org.mybatis.spring.mapper.ClassPathMapperScanner:164] - Creating MapperFactoryBean with name 'productDao' and 'com.orange.dao.product.ProductDao' mapperInterface
[2017-05-02 20:28:56,493][DEBUG][org.mybatis.spring.mapper.ClassPathMapperScanner:200] - Enabling autowire by type for MapperFactoryBean with name 'productDao'.
[2017-05-02 20:28:56,494][DEBUG][org.mybatis.spring.mapper.ClassPathMapperScanner:164] - Creating MapperFactoryBean with name 'skuDao' and 'com.orange.dao.product.SkuDao' mapperInterface
[2017-05-02 20:28:56,495][DEBUG][org.mybatis.spring.mapper.ClassPathMapperScanner:200] - Enabling autowire by type for MapperFactoryBean with name 'skuDao'.
[2017-05-02 20:28:56,495][DEBUG][org.mybatis.spring.mapper.ClassPathMapperScanner:164] - Creating MapperFactoryBean with name 'typeDao' and 'com.orange.dao.product.TypeDao' mapperInterface
[2017-05-02 20:28:56,496][DEBUG][org.mybatis.spring.mapper.ClassPathMapperScanner:200] - Enabling autowire by type for MapperFactoryBean with name 'typeDao'.
[2017-05-02 20:28:56,529][INFO ][org.springframework.beans.factory.config.PropertyPlaceholderConfigurer:172] - Loading properties file from class path resource [properties/jdbc.properties]
[2017-05-02 20:28:56,876][DEBUG][org.mybatis.spring.SqlSessionFactoryBean:362] - Property 'configLocation' not specified, using default MyBatis Configuration
[2017-05-02 20:28:57,036][DEBUG][org.mybatis.spring.SqlSessionFactoryBean:383] - Scanned package: 'com.orange.bean' for aliases
[2017-05-02 20:28:57,040][DEBUG][org.mybatis.spring.SqlSessionFactoryBean:477] - Property 'mapperLocations' was not specified or no matching resources found
]]></system-err>
</testsuite>
