<?xml version="1.0" encoding="UTF-8"?>
<testsuite name="com.orange.dao.ProductDaoTest" tests="0" skipped="0" failures="0" errors="0" timestamp="1970-01-01T00:00:00" hostname="DESKTOP-SRQCU2S" time="0.0">
  <properties/>
  <system-out><![CDATA[]]></system-out>
  <system-err><![CDATA[[2017-05-02 20:28:57,559][INFO ][org.springframework.test.context.support.DefaultTestContextBootstrapper:260] - Loaded default TestExecutionListener class names from location [META-INF/spring.factories]: [org.springframework.test.context.web.ServletTestExecutionListener, org.springframework.test.context.support.DirtiesContextBeforeModesTestExecutionListener, org.springframework.test.context.support.DependencyInjectionTestExecutionListener, org.springframework.test.context.support.DirtiesContextTestExecutionListener, org.springframework.test.context.transaction.TransactionalTestExecutionListener, org.springframework.test.context.jdbc.SqlScriptsTestExecutionListener]
[2017-05-02 20:28:57,561][INFO ][org.springframework.test.context.support.DefaultTestContextBootstrapper:187] - Using TestExecutionListeners: [org.springframework.test.context.web.ServletTestExecutionListener@1297e48e, org.springframework.test.context.support.DirtiesContextBeforeModesTestExecutionListener@58d5f82e, org.springframework.test.context.support.DependencyInjectionTestExecutionListener@5e918b3, org.springframework.test.context.support.DirtiesContextTestExecutionListener@6c6aaa6b, org.springframework.test.context.transaction.TransactionalTestExecutionListener@41f490fc, org.springframework.test.context.jdbc.SqlScriptsTestExecutionListener@36971464]
]]></system-err>
</testsuite>
