<?xml version="1.0" encoding="UTF-8"?>
<testsuite name="com.orange.service.EmployeeServiceImplTest" tests="1" skipped="0" failures="0" errors="0" timestamp="2017-05-19T09:23:27" hostname="lenovo-PC" time="0.016">
  <properties/>
  <testcase name="getEmployeeTest" classname="com.orange.service.EmployeeServiceImplTest" time="0.016"/>
  <system-out><![CDATA[Employee [username=admin,password=123456,degree=null,email=null,gender=1,imgUrl=null,phone=null,realName=系统管理员,school=null,isDel=1]
]]></system-out>
  <system-err><![CDATA[[2017-05-19 17:23:27,900][INFO ][org.springframework.test.context.support.DefaultTestContextBootstrapper:260] - Loaded default TestExecutionListener class names from location [META-INF/spring.factories]: [org.springframework.test.context.web.ServletTestExecutionListener, org.springframework.test.context.support.DirtiesContextBeforeModesTestExecutionListener, org.springframework.test.context.support.DependencyInjectionTestExecutionListener, org.springframework.test.context.support.DirtiesContextTestExecutionListener, org.springframework.test.context.transaction.TransactionalTestExecutionListener, org.springframework.test.context.jdbc.SqlScriptsTestExecutionListener]
[2017-05-19 17:23:27,900][INFO ][org.springframework.test.context.support.DefaultTestContextBootstrapper:187] - Using TestExecutionListeners: [org.springframework.test.context.web.ServletTestExecutionListener@2906e919, org.springframework.test.context.support.DirtiesContextBeforeModesTestExecutionListener@7ed38c53, org.springframework.test.context.support.DependencyInjectionTestExecutionListener@11a43498, org.springframework.test.context.support.DirtiesContextTestExecutionListener@35e7b22e, org.springframework.test.context.transaction.TransactionalTestExecutionListener@2b37dbaa, org.springframework.test.context.jdbc.SqlScriptsTestExecutionListener@49646b8b]
[2017-05-19 17:23:27,900][DEBUG][org.mybatis.spring.SqlSessionUtils:104] - Creating a new SqlSession
[2017-05-19 17:23:27,900][DEBUG][org.mybatis.spring.SqlSessionUtils:140] - SqlSession [org.apache.ibatis.session.defaults.DefaultSqlSession@64d54209] was not registered for synchronization because synchronization is not active
[2017-05-19 17:23:27,900][DEBUG][org.mybatis.spring.transaction.SpringManagedTransaction:86] - JDBC Connection [com.mchange.v2.c3p0.impl.NewProxyConnection@53b868fe] will not be managed by Spring
[2017-05-19 17:23:27,900][DEBUG][com.orange.dao.EmployeeDao.getEmployee:139] - ==>  Preparing: SELECT username,password,degree,email,gender,img_url,phone,real_name,school,is_del FROM t_employee WHERE username =? and password =? 
[2017-05-19 17:23:27,900][DEBUG][com.orange.dao.EmployeeDao.getEmployee:139] - ==> Parameters: admin(String), 123456(String)
[2017-05-19 17:23:27,916][DEBUG][com.orange.dao.EmployeeDao.getEmployee:139] - <==      Total: 1
[2017-05-19 17:23:27,916][DEBUG][org.mybatis.spring.SqlSessionUtils:168] - Closing non transactional SqlSession [org.apache.ibatis.session.defaults.DefaultSqlSession@64d54209]
]]></system-err>
</testsuite>
