<?xml version="1.0" encoding="UTF-8"?>
<testsuite name="com.orange.dao.EmployeeDaoTest" tests="1" skipped="0" failures="0" errors="0" timestamp="2017-05-19T09:23:27" hostname="lenovo-PC" time="0.505">
  <properties/>
  <testcase name="getEmployeeByKeyTest" classname="com.orange.dao.EmployeeDaoTest" time="0.505"/>
  <system-out><![CDATA[Employee [username=admin,password=123456,degree=null,email=null,gender=1,imgUrl=null,phone=null,realName=系统管理员,school=null,isDel=1]
]]></system-out>
  <system-err><![CDATA[[2017-05-19 17:23:27,359][INFO ][org.springframework.test.context.support.DefaultTestContextBootstrapper:260] - Loaded default TestExecutionListener class names from location [META-INF/spring.factories]: [org.springframework.test.context.web.ServletTestExecutionListener, org.springframework.test.context.support.DirtiesContextBeforeModesTestExecutionListener, org.springframework.test.context.support.DependencyInjectionTestExecutionListener, org.springframework.test.context.support.DirtiesContextTestExecutionListener, org.springframework.test.context.transaction.TransactionalTestExecutionListener, org.springframework.test.context.jdbc.SqlScriptsTestExecutionListener]
[2017-05-19 17:23:27,359][INFO ][org.springframework.test.context.support.DefaultTestContextBootstrapper:187] - Using TestExecutionListeners: [org.springframework.test.context.web.ServletTestExecutionListener@13379863, org.springframework.test.context.support.DirtiesContextBeforeModesTestExecutionListener@22ad2b43, org.springframework.test.context.support.DependencyInjectionTestExecutionListener@139fa627, org.springframework.test.context.support.DirtiesContextTestExecutionListener@146ac650, org.springframework.test.context.transaction.TransactionalTestExecutionListener@3bb1b03e, org.springframework.test.context.jdbc.SqlScriptsTestExecutionListener@700d7338]
[2017-05-19 17:23:27,359][DEBUG][org.mybatis.spring.SqlSessionUtils:104] - Creating a new SqlSession
[2017-05-19 17:23:27,375][DEBUG][org.mybatis.spring.SqlSessionUtils:140] - SqlSession [org.apache.ibatis.session.defaults.DefaultSqlSession@527b28dc] was not registered for synchronization because synchronization is not active
[2017-05-19 17:23:27,761][DEBUG][org.mybatis.spring.transaction.SpringManagedTransaction:86] - JDBC Connection [com.mchange.v2.c3p0.impl.NewProxyConnection@5f4ffc44] will not be managed by Spring
[2017-05-19 17:23:27,776][DEBUG][com.orange.dao.EmployeeDao.getEmployee:139] - ==>  Preparing: SELECT username,password,degree,email,gender,img_url,phone,real_name,school,is_del FROM t_employee WHERE username =? and password =? 
[2017-05-19 17:23:27,838][DEBUG][com.orange.dao.EmployeeDao.getEmployee:139] - ==> Parameters: admin(String), 123456(String)
[2017-05-19 17:23:27,855][DEBUG][com.orange.dao.EmployeeDao.getEmployee:139] - <==      Total: 1
[2017-05-19 17:23:27,862][DEBUG][org.mybatis.spring.SqlSessionUtils:168] - Closing non transactional SqlSession [org.apache.ibatis.session.defaults.DefaultSqlSession@527b28dc]
]]></system-err>
</testsuite>
